{
  "Error: VM Exception while processing transaction: reverted with reason string 'mint is paused'": {
    "args": [
      "{\n  \"symbol\": \"cDAI\",\n  \"item\": \"0xf5dce57282a584d2746faf1593d3121fcac444dc\",\n  \"percentage\": 1000,\n  \"data\": {\n    \"adapters\": [\n      \"0x045857BDEAE7C1c7252d611eB24eB55564198b4C\",\n      \"0x54B8d8E2455946f2A5B8982283f2359812e815ce\"\n    ],\n    \"path\": [\n      \"0x89d24a6b4ccb1b6faa2625fe562bdd9a23260359\"\n    ],\n    \"cache\": \"0x\"\n  }\n}",
      "{\n  \"symbol\": \"cWBTC\",\n  \"item\": \"0xc11b1268c1a384e55c48c2391d8d480264a3a7f4\",\n  \"percentage\": 1000,\n  \"data\": {\n    \"adapters\": [\n      \"0x045857BDEAE7C1c7252d611eB24eB55564198b4C\",\n      \"0x54B8d8E2455946f2A5B8982283f2359812e815ce\"\n    ],\n    \"path\": [\n      \"0x2260fac5e5542a773aa44fbcfedf7c193bc2c599\"\n    ],\n    \"cache\": \"0x\"\n  }\n}"
    ],
    "occurrences": 2
  },
  "VM Exception while processing transaction: revert without reason string": {
    "args": [
      "{\n  \"symbol\": \"susdv2\",\n  \"item\": \"0xC25a3A3b969415c80451098fa907EC722572917F\",\n  \"percentage\": 1000,\n  \"data\": {\n    \"adapters\": [\n      \"0x045857BDEAE7C1c7252d611eB24eB55564198b4C\",\n      \"0xeF31027350Be2c7439C1b0BE022d49421488b72C\"\n    ],\n    \"path\": [\n      \"0xa0b86991c6218b36c1d19d4a2e9eb0ce3606eb48\"\n    ],\n    \"cache\": \"0x\"\n  }\n}",
      "{\n  \"symbol\": \"3pool\",\n  \"item\": \"0x6c3F90f043a72FA612cbac8115EE7e52BDe6E490\",\n  \"percentage\": 1000,\n  \"data\": {\n    \"adapters\": [\n      \"0x045857BDEAE7C1c7252d611eB24eB55564198b4C\",\n      \"0xeF31027350Be2c7439C1b0BE022d49421488b72C\"\n    ],\n    \"path\": [\n      \"0xa0b86991c6218b36c1d19d4a2e9eb0ce3606eb48\"\n    ],\n    \"cache\": \"0x\"\n  }\n}",
      "{\n  \"symbol\": \"susdv2\",\n  \"item\": \"0xC25a3A3b969415c80451098fa907EC722572917F\",\n  \"percentage\": 1000,\n  \"data\": {\n    \"adapters\": [\n      \"0x045857BDEAE7C1c7252d611eB24eB55564198b4C\",\n      \"0xeF31027350Be2c7439C1b0BE022d49421488b72C\"\n    ],\n    \"path\": [\n      \"0xdac17f958d2ee523a2206206994597c13d831ec7\"\n    ],\n    \"cache\": \"0x\"\n  }\n}",
      "{\n  \"symbol\": \"3pool\",\n  \"item\": \"0x6c3F90f043a72FA612cbac8115EE7e52BDe6E490\",\n  \"percentage\": 1000,\n  \"data\": {\n    \"adapters\": [\n      \"0x045857BDEAE7C1c7252d611eB24eB55564198b4C\",\n      \"0xeF31027350Be2c7439C1b0BE022d49421488b72C\"\n    ],\n    \"path\": [\n      \"0xdac17f958d2ee523a2206206994597c13d831ec7\"\n    ],\n    \"cache\": \"0x\"\n  }\n}",
      "{\n  \"symbol\": \"tricrypto2\",\n  \"item\": \"0xc4AD29ba4B3c580e6D59105FFf484999997675Ff\",\n  \"percentage\": 1000,\n  \"data\": {\n    \"adapters\": [\n      \"0x045857BDEAE7C1c7252d611eB24eB55564198b4C\",\n      \"0xeF31027350Be2c7439C1b0BE022d49421488b72C\"\n    ],\n    \"path\": [\n      \"0xdac17f958d2ee523a2206206994597c13d831ec7\"\n    ],\n    \"cache\": \"0x\"\n  }\n}",
      "{\n  \"symbol\": \"susdv2\",\n  \"item\": \"0xC25a3A3b969415c80451098fa907EC722572917F\",\n  \"percentage\": 1000,\n  \"data\": {\n    \"adapters\": [\n      \"0x045857BDEAE7C1c7252d611eB24eB55564198b4C\",\n      \"0xeF31027350Be2c7439C1b0BE022d49421488b72C\"\n    ],\n    \"path\": [\n      \"0x57ab1ec28d129707052df4df418d58a2d46d5f51\"\n    ],\n    \"cache\": \"0x\"\n  }\n}",
      "{\n  \"symbol\": \"usdt\",\n  \"item\": \"0x9fC689CCaDa600B6DF723D9E47D84d76664a1F23\",\n  \"percentage\": 1000,\n  \"data\": {\n    \"adapters\": [\n      \"0x045857BDEAE7C1c7252d611eB24eB55564198b4C\",\n      \"0x54B8d8E2455946f2A5B8982283f2359812e815ce\",\n      \"0xeF31027350Be2c7439C1b0BE022d49421488b72C\"\n    ],\n    \"path\": [\n      \"0x6b175474e89094c44da98b954eedeac495271d0f\",\n      \"0x5d3a536E4D6DbD6114cc1Ead35777bAB948E3643\"\n    ],\n    \"cache\": \"0x\"\n  }\n}",
      "{\n  \"symbol\": \"compound\",\n  \"item\": \"0x845838DF265Dcd2c412A1Dc9e959c7d08537f8a2\",\n  \"percentage\": 1000,\n  \"data\": {\n    \"adapters\": [\n      \"0x045857BDEAE7C1c7252d611eB24eB55564198b4C\",\n      \"0x54B8d8E2455946f2A5B8982283f2359812e815ce\",\n      \"0xeF31027350Be2c7439C1b0BE022d49421488b72C\"\n    ],\n    \"path\": [\n      \"0xa0b86991c6218b36c1d19d4a2e9eb0ce3606eb48\",\n      \"0x39aa39c021dfbae8fac545936693ac917d5e7563\"\n    ],\n    \"cache\": \"0x\"\n  }\n}",
      "{\n  \"symbol\": \"usdt\",\n  \"item\": \"0x9fC689CCaDa600B6DF723D9E47D84d76664a1F23\",\n  \"percentage\": 1000,\n  \"data\": {\n    \"adapters\": [\n      \"0x045857BDEAE7C1c7252d611eB24eB55564198b4C\",\n      \"0x54B8d8E2455946f2A5B8982283f2359812e815ce\",\n      \"0xeF31027350Be2c7439C1b0BE022d49421488b72C\"\n    ],\n    \"path\": [\n      \"0xa0b86991c6218b36c1d19d4a2e9eb0ce3606eb48\",\n      \"0x39aa39c021dfbae8fac545936693ac917d5e7563\"\n    ],\n    \"cache\": \"0x\"\n  }\n}",
      "{\n  \"symbol\": \"ren\",\n  \"item\": \"0x49849C98ae39Fff122806C06791Fa73784FB3675\",\n  \"percentage\": 1000,\n  \"data\": {\n    \"adapters\": [\n      \"0x045857BDEAE7C1c7252d611eB24eB55564198b4C\",\n      \"0xeF31027350Be2c7439C1b0BE022d49421488b72C\"\n    ],\n    \"path\": [\n      \"0xeb4c2781e4eba804ce9a9803c67d0893436bb27d\"\n    ],\n    \"cache\": \"0x\"\n  }\n}",
      "{\n  \"symbol\": \"sbtc\",\n  \"item\": \"0x075b1bb99792c9E1041bA13afEf80C91a1e70fB3\",\n  \"percentage\": 1000,\n  \"data\": {\n    \"adapters\": [\n      \"0x045857BDEAE7C1c7252d611eB24eB55564198b4C\",\n      \"0xeF31027350Be2c7439C1b0BE022d49421488b72C\"\n    ],\n    \"path\": [\n      \"0xeb4c2781e4eba804ce9a9803c67d0893436bb27d\"\n    ],\n    \"cache\": \"0x\"\n  }\n}",
      "{\n  \"symbol\": \"sbtc\",\n  \"item\": \"0x075b1bb99792c9E1041bA13afEf80C91a1e70fB3\",\n  \"percentage\": 1000,\n  \"data\": {\n    \"adapters\": [\n      \"0x045857BDEAE7C1c7252d611eB24eB55564198b4C\",\n      \"0xeF31027350Be2c7439C1b0BE022d49421488b72C\"\n    ],\n    \"path\": [\n      \"0xfe18be6b3bd88a2d2a7f928d00292e7a9963cfc6\"\n    ],\n    \"cache\": \"0x\"\n  }\n}",
      "{\n  \"symbol\": \"hbtc\",\n  \"item\": \"0xb19059ebb43466C323583928285a49f558E572Fd\",\n  \"percentage\": 1000,\n  \"data\": {\n    \"adapters\": [\n      \"0x045857BDEAE7C1c7252d611eB24eB55564198b4C\",\n      \"0xeF31027350Be2c7439C1b0BE022d49421488b72C\"\n    ],\n    \"path\": [\n      \"0x0316EB71485b0Ab14103307bf65a021042c6d380\"\n    ],\n    \"cache\": \"0x\"\n  }\n}",
      "{\n  \"symbol\": \"gusd\",\n  \"item\": \"0xD2967f45c4f384DEEa880F807Be904762a3DeA07\",\n  \"percentage\": 1000,\n  \"data\": {\n    \"adapters\": [\n      \"0x045857BDEAE7C1c7252d611eB24eB55564198b4C\",\n      \"0xeF31027350Be2c7439C1b0BE022d49421488b72C\",\n      \"0xeF31027350Be2c7439C1b0BE022d49421488b72C\"\n    ],\n    \"path\": [\n      \"0x6b175474e89094c44da98b954eedeac495271d0f\",\n      \"0x6c3F90f043a72FA612cbac8115EE7e52BDe6E490\"\n    ],\n    \"cache\": \"0x\"\n  }\n}",
      "{\n  \"symbol\": \"busdv2\",\n  \"item\": \"0x4807862AA8b2bF68830e4C8dc86D0e9A998e085a\",\n  \"percentage\": 1000,\n  \"data\": {\n    \"adapters\": [\n      \"0x045857BDEAE7C1c7252d611eB24eB55564198b4C\",\n      \"0xeF31027350Be2c7439C1b0BE022d49421488b72C\",\n      \"0xeF31027350Be2c7439C1b0BE022d49421488b72C\"\n    ],\n    \"path\": [\n      \"0x6b175474e89094c44da98b954eedeac495271d0f\",\n      \"0x6c3F90f043a72FA612cbac8115EE7e52BDe6E490\"\n    ],\n    \"cache\": \"0x\"\n  }\n}",
      "{\n  \"symbol\": \"rai\",\n  \"item\": \"0x6BA5b4e438FA0aAf7C1bD179285aF65d13bD3D90\",\n  \"percentage\": 1000,\n  \"data\": {\n    \"adapters\": [\n      \"0x045857BDEAE7C1c7252d611eB24eB55564198b4C\",\n      \"0xeF31027350Be2c7439C1b0BE022d49421488b72C\",\n      \"0xeF31027350Be2c7439C1b0BE022d49421488b72C\"\n    ],\n    \"path\": [\n      \"0x6b175474e89094c44da98b954eedeac495271d0f\",\n      \"0x6c3F90f043a72FA612cbac8115EE7e52BDe6E490\"\n    ],\n    \"cache\": \"0x\"\n  }\n}",
      "{\n  \"symbol\": \"rsv\",\n  \"item\": \"0xC2Ee6b0334C261ED60C72f6054450b61B8f18E35\",\n  \"percentage\": 1000,\n  \"data\": {\n    \"adapters\": [\n      \"0x045857BDEAE7C1c7252d611eB24eB55564198b4C\",\n      \"0xeF31027350Be2c7439C1b0BE022d49421488b72C\"\n    ],\n    \"path\": [\n      \"0x196f4727526eA7FB1e17b2071B3d8eAA38486988\"\n    ],\n    \"cache\": \"0x\"\n  }\n}",
      "{\n  \"symbol\": \"tbtc\",\n  \"item\": \"0x64eda51d3Ad40D56b9dFc5554E06F94e1Dd786Fd\",\n  \"percentage\": 1000,\n  \"data\": {\n    \"adapters\": [\n      \"0x045857BDEAE7C1c7252d611eB24eB55564198b4C\",\n      \"0xeF31027350Be2c7439C1b0BE022d49421488b72C\",\n      \"0xeF31027350Be2c7439C1b0BE022d49421488b72C\"\n    ],\n    \"path\": [\n      \"0xeb4c2781e4eba804ce9a9803c67d0893436bb27d\",\n      \"0x075b1bb99792c9E1041bA13afEf80C91a1e70fB3\"\n    ],\n    \"cache\": \"0x\"\n  }\n}",
      "{\n  \"symbol\": \"obtc\",\n  \"item\": \"0x2fE94ea3d5d4a175184081439753DE15AeF9d614\",\n  \"percentage\": 1000,\n  \"data\": {\n    \"adapters\": [\n      \"0x045857BDEAE7C1c7252d611eB24eB55564198b4C\",\n      \"0xeF31027350Be2c7439C1b0BE022d49421488b72C\"\n    ],\n    \"path\": [\n      \"0x8064d9Ae6cDf087b1bcd5BDf3531bD5d8C537a68\"\n    ],\n    \"cache\": \"0x\"\n  }\n}",
      "{\n  \"symbol\": \"eurs\",\n  \"item\": \"0x194eBd173F6cDacE046C53eACcE9B953F28411d1\",\n  \"percentage\": 1000,\n  \"data\": {\n    \"adapters\": [\n      \"0x045857BDEAE7C1c7252d611eB24eB55564198b4C\",\n      \"0xeF31027350Be2c7439C1b0BE022d49421488b72C\"\n    ],\n    \"path\": [\n      \"0xd71ecff9342a5ced620049e616c5035f1db98620\"\n    ],\n    \"cache\": \"0x\"\n  }\n}",
      "{\n  \"symbol\": \"aave\",\n  \"item\": \"0xFd2a8fA60Abd58Efe3EeE34dd494cD491dC14900\",\n  \"percentage\": 1000,\n  \"data\": {\n    \"adapters\": [\n      \"0x045857BDEAE7C1c7252d611eB24eB55564198b4C\",\n      \"0x63fea6E447F120B8Faf85B53cdaD8348e645D80E\",\n      \"0xeF31027350Be2c7439C1b0BE022d49421488b72C\"\n    ],\n    \"path\": [\n      \"0xa0b86991c6218b36c1d19d4a2e9eb0ce3606eb48\",\n      \"0xBcca60bB61934080951369a648Fb03DF4F96263C\"\n    ],\n    \"cache\": \"0x\"\n  }\n}",
      "{\n  \"symbol\": \"aave\",\n  \"item\": \"0xFd2a8fA60Abd58Efe3EeE34dd494cD491dC14900\",\n  \"percentage\": 1000,\n  \"data\": {\n    \"adapters\": [\n      \"0x045857BDEAE7C1c7252d611eB24eB55564198b4C\",\n      \"0x63fea6E447F120B8Faf85B53cdaD8348e645D80E\",\n      \"0xeF31027350Be2c7439C1b0BE022d49421488b72C\"\n    ],\n    \"path\": [\n      \"0xdac17f958d2ee523a2206206994597c13d831ec7\",\n      \"0x3Ed3B47Dd13EC9a98b44e6204A523E766B225811\"\n    ],\n    \"cache\": \"0x\"\n  }\n}",
      "{\n  \"symbol\": \"saave\",\n  \"item\": \"0x02d341CcB60fAaf662bC0554d13778015d1b285C\",\n  \"percentage\": 1000,\n  \"data\": {\n    \"adapters\": [\n      \"0x045857BDEAE7C1c7252d611eB24eB55564198b4C\",\n      \"0x63fea6E447F120B8Faf85B53cdaD8348e645D80E\",\n      \"0xeF31027350Be2c7439C1b0BE022d49421488b72C\"\n    ],\n    \"path\": [\n      \"0x57ab1ec28d129707052df4df418d58a2d46d5f51\",\n      \"0x6C5024Cd4F8A59110119C56f8933403A539555EB\"\n    ],\n    \"cache\": \"0x\"\n  }\n}",
      "{\n  \"symbol\": \"linkCRV\",\n  \"item\": \"0xcee60cfa923170e4f8204ae08b4fa6a3f5656f3a\",\n  \"percentage\": 1000,\n  \"data\": {\n    \"adapters\": [\n      \"0x045857BDEAE7C1c7252d611eB24eB55564198b4C\",\n      \"0xeF31027350Be2c7439C1b0BE022d49421488b72C\"\n    ],\n    \"path\": [\n      \"0xbbc455cb4f1b9e4bfc4b73970d360c8f032efee6\"\n    ],\n    \"cache\": \"0x\"\n  }\n}",
      "{\n  \"symbol\": \"lusd\",\n  \"item\": \"0xEd279fDD11cA84bEef15AF5D39BB4d4bEE23F0cA\",\n  \"percentage\": 1000,\n  \"data\": {\n    \"adapters\": [\n      \"0x045857BDEAE7C1c7252d611eB24eB55564198b4C\",\n      \"0xeF31027350Be2c7439C1b0BE022d49421488b72C\"\n    ],\n    \"path\": [\n      \"0x5f98805A4E8be255a32880FDeC7F6728C6568bA0\"\n    ],\n    \"cache\": \"0x\"\n  }\n}",
      "{\n  \"symbol\": \"mim\",\n  \"item\": \"0x5a6A4D54456819380173272A5E8E9B9904BdF41B\",\n  \"percentage\": 1000,\n  \"data\": {\n    \"adapters\": [\n      \"0x045857BDEAE7C1c7252d611eB24eB55564198b4C\",\n      \"0xeF31027350Be2c7439C1b0BE022d49421488b72C\"\n    ],\n    \"path\": [\n      \"0x99d8a9c45b2eca8864373a26d1459e3dff1e17f3\"\n    ],\n    \"cache\": \"0x\"\n  }\n}",
      "{\n  \"symbol\": \"tricrypto2\",\n  \"item\": \"0xc4AD29ba4B3c580e6D59105FFf484999997675Ff\",\n  \"percentage\": 1000,\n  \"data\": {\n    \"adapters\": [\n      \"0x045857BDEAE7C1c7252d611eB24eB55564198b4C\",\n      \"0xeF31027350Be2c7439C1b0BE022d49421488b72C\"\n    ],\n    \"path\": [\n      \"0xC02aaA39b223FE8D0A0e5C4F27eAD9083C756Cc2\"\n    ],\n    \"cache\": \"0x\"\n  }\n}",
      "{\n  \"symbol\": \"EURT-f\",\n  \"item\": \"0xfd5db7463a3ab53fd211b4af195c5bccc1a03890\",\n  \"percentage\": 1000,\n  \"data\": {\n    \"adapters\": [\n      \"0x045857BDEAE7C1c7252d611eB24eB55564198b4C\",\n      \"0xeF31027350Be2c7439C1b0BE022d49421488b72C\"\n    ],\n    \"path\": [\n      \"0xC581b735A1688071A1746c968e0798D642EDE491\"\n    ],\n    \"cache\": \"0x\"\n  }\n}",
      "{\n  \"symbol\": \"yvCurve-HBTC\",\n  \"item\": \"0x625b7df2fa8abe21b0a976736cda4775523aed1e\",\n  \"percentage\": 1000,\n  \"data\": {\n    \"adapters\": [\n      \"0x045857BDEAE7C1c7252d611eB24eB55564198b4C\",\n      \"0xeF31027350Be2c7439C1b0BE022d49421488b72C\",\n      \"0xd9140951d8aE6E5F625a02F5908535e16e3af964\"\n    ],\n    \"path\": [\n      \"0x2260fac5e5542a773aa44fbcfedf7c193bc2c599\",\n      \"0xb19059ebb43466c323583928285a49f558e572fd\"\n    ],\n    \"cache\": \"0x\"\n  }\n}",
      "{\n  \"symbol\": \"yvCurve-renBTC\",\n  \"item\": \"0x7047f90229a057c13bf847c0744d646cfb6c9e1a\",\n  \"percentage\": 1000,\n  \"data\": {\n    \"adapters\": [\n      \"0x045857BDEAE7C1c7252d611eB24eB55564198b4C\",\n      \"0xeF31027350Be2c7439C1b0BE022d49421488b72C\",\n      \"0xd9140951d8aE6E5F625a02F5908535e16e3af964\"\n    ],\n    \"path\": [\n      \"0x2260fac5e5542a773aa44fbcfedf7c193bc2c599\",\n      \"0x49849c98ae39fff122806c06791fa73784fb3675\"\n    ],\n    \"cache\": \"0x\"\n  }\n}"
    ],
    "occurrences": 30
  },
  "Error: Transaction reverted without a reason string": {
    "args": [
      "{\n  \"symbol\": \"eursusd\",\n  \"item\": \"0x3D229E1B4faab62F621eF2F6A610961f7BD7b23B\",\n  \"percentage\": 1000,\n  \"data\": {\n    \"adapters\": [\n      \"0x045857BDEAE7C1c7252d611eB24eB55564198b4C\",\n      \"0xeF31027350Be2c7439C1b0BE022d49421488b72C\"\n    ],\n    \"path\": [\n      \"0xa0b86991c6218b36c1d19d4a2e9eb0ce3606eb48\"\n    ],\n    \"cache\": \"0x\"\n  }\n}",
      "{\n  \"symbol\": \"cUSDT\",\n  \"item\": \"0xf650c3d88d12db855b8bf7d11be6c55a4e07dcc9\",\n  \"percentage\": 1000,\n  \"data\": {\n    \"adapters\": [\n      \"0x045857BDEAE7C1c7252d611eB24eB55564198b4C\",\n      \"0x54B8d8E2455946f2A5B8982283f2359812e815ce\"\n    ],\n    \"path\": [\n      \"0xdac17f958d2ee523a2206206994597c13d831ec7\"\n    ],\n    \"cache\": \"0x\"\n  }\n}",
      "{\n  \"symbol\": \"aUSDT\",\n  \"item\": \"0x3ed3b47dd13ec9a98b44e6204a523e766b225811\",\n  \"percentage\": 1000,\n  \"data\": {\n    \"adapters\": [\n      \"0x045857BDEAE7C1c7252d611eB24eB55564198b4C\",\n      \"0x63fea6E447F120B8Faf85B53cdaD8348e645D80E\"\n    ],\n    \"path\": [\n      \"0xdac17f958d2ee523a2206206994597c13d831ec7\"\n    ],\n    \"cache\": \"0x\"\n  }\n}",
      "{\n  \"symbol\": \"yvUSDT\",\n  \"item\": \"0x7da96a3891add058ada2e826306d812c638d87a7\",\n  \"percentage\": 1000,\n  \"data\": {\n    \"adapters\": [\n      \"0x045857BDEAE7C1c7252d611eB24eB55564198b4C\",\n      \"0xd9140951d8aE6E5F625a02F5908535e16e3af964\"\n    ],\n    \"path\": [\n      \"0xdac17f958d2ee523a2206206994597c13d831ec7\"\n    ],\n    \"cache\": \"0x\"\n  }\n}",
      "{\n  \"symbol\": \"yvsUSD\",\n  \"item\": \"0xa5ca62d95d24a4a350983d5b8ac4eb8638887396\",\n  \"percentage\": 1000,\n  \"data\": {\n    \"adapters\": [\n      \"0x045857BDEAE7C1c7252d611eB24eB55564198b4C\",\n      \"0xd9140951d8aE6E5F625a02F5908535e16e3af964\"\n    ],\n    \"path\": [\n      \"0x57ab1ec28d129707052df4df418d58a2d46d5f51\"\n    ],\n    \"cache\": \"0x\"\n  }\n}",
      "{\n  \"symbol\": \"crveth\",\n  \"item\": \"0xEd4064f376cB8d68F770FB1Ff088a3d0F3FF5c4d\",\n  \"percentage\": 1000,\n  \"data\": {\n    \"adapters\": [\n      \"0x045857BDEAE7C1c7252d611eB24eB55564198b4C\",\n      \"0xeF31027350Be2c7439C1b0BE022d49421488b72C\"\n    ],\n    \"path\": [\n      \"0xd533a949740bb3306d119cc777fa900ba034cd52\"\n    ],\n    \"cache\": \"0x\"\n  }\n}",
      "{\n  \"symbol\": \"aXSUSHI\",\n  \"item\": \"0xf256cc7847e919fac9b808cc216cac87ccf2f47a\",\n  \"percentage\": 1000,\n  \"data\": {\n    \"adapters\": [\n      \"0x045857BDEAE7C1c7252d611eB24eB55564198b4C\",\n      \"0x63fea6E447F120B8Faf85B53cdaD8348e645D80E\"\n    ],\n    \"path\": [\n      \"0x8798249c2e607446efb7ad49ec89dd1865ff4272\"\n    ],\n    \"cache\": \"0x\"\n  }\n}",
      "{\n  \"symbol\": \"eursusd\",\n  \"item\": \"0x3D229E1B4faab62F621eF2F6A610961f7BD7b23B\",\n  \"percentage\": 1000,\n  \"data\": {\n    \"adapters\": [\n      \"0x045857BDEAE7C1c7252d611eB24eB55564198b4C\",\n      \"0xeF31027350Be2c7439C1b0BE022d49421488b72C\"\n    ],\n    \"path\": [\n      \"0xdb25f211ab05b1c97d595516f45794528a807ad8\"\n    ],\n    \"cache\": \"0x\"\n  }\n}",
      "{\n  \"symbol\": \"eurtusd\",\n  \"item\": \"0x3b6831c0077a1e44ED0a21841C3bC4dC11bCE833\",\n  \"percentage\": 1000,\n  \"data\": {\n    \"adapters\": [\n      \"0x045857BDEAE7C1c7252d611eB24eB55564198b4C\",\n      \"0xeF31027350Be2c7439C1b0BE022d49421488b72C\"\n    ],\n    \"path\": [\n      \"0xC581b735A1688071A1746c968e0798D642EDE491\"\n    ],\n    \"cache\": \"0x\"\n  }\n}",
      "{\n  \"symbol\": \"cvxeth\",\n  \"item\": \"0x3A283D9c08E8b55966afb64C515f5143cf907611\",\n  \"percentage\": 1000,\n  \"data\": {\n    \"adapters\": [\n      \"0x045857BDEAE7C1c7252d611eB24eB55564198b4C\",\n      \"0xeF31027350Be2c7439C1b0BE022d49421488b72C\"\n    ],\n    \"path\": [\n      \"0x4e3fbd56cd56c3e72c1403e103b45db9da5b9d2b\"\n    ],\n    \"cache\": \"0x\"\n  }\n}",
      "{\n  \"symbol\": \"xautusd\",\n  \"item\": \"0x8484673cA7BfF40F82B041916881aeA15ee84834\",\n  \"percentage\": 1000,\n  \"data\": {\n    \"adapters\": [\n      \"0x045857BDEAE7C1c7252d611eB24eB55564198b4C\",\n      \"0xeF31027350Be2c7439C1b0BE022d49421488b72C\"\n    ],\n    \"path\": [\n      \"0x68749665ff8d2d112fa859aa293f07a622782f38\"\n    ],\n    \"cache\": \"0x\"\n  }\n}",
      "{\n  \"symbol\": \"spelleth\",\n  \"item\": \"0x8282BD15dcA2EA2bDf24163E8f2781B30C43A2ef\",\n  \"percentage\": 1000,\n  \"data\": {\n    \"adapters\": [\n      \"0x045857BDEAE7C1c7252d611eB24eB55564198b4C\",\n      \"0xeF31027350Be2c7439C1b0BE022d49421488b72C\"\n    ],\n    \"path\": [\n      \"0x090185f2135308bad17527004364ebcc2d37e5f6\"\n    ],\n    \"cache\": \"0x\"\n  }\n}",
      "{\n  \"symbol\": \"teth\",\n  \"item\": \"0xCb08717451aaE9EF950a2524E33B6DCaBA60147B\",\n  \"percentage\": 1000,\n  \"data\": {\n    \"adapters\": [\n      \"0x045857BDEAE7C1c7252d611eB24eB55564198b4C\",\n      \"0xeF31027350Be2c7439C1b0BE022d49421488b72C\"\n    ],\n    \"path\": [\n      \"0xCdF7028ceAB81fA0C6971208e83fa7872994beE5\"\n    ],\n    \"cache\": \"0x\"\n  }\n}",
      "{\n  \"symbol\": \"yvHEGIC\",\n  \"item\": \"0xe11ba472f74869176652c35d30db89854b5ae84d\",\n  \"percentage\": 1000,\n  \"data\": {\n    \"adapters\": [\n      \"0x045857BDEAE7C1c7252d611eB24eB55564198b4C\",\n      \"0xd9140951d8aE6E5F625a02F5908535e16e3af964\"\n    ],\n    \"path\": [\n      \"0x584bc13c7d411c00c01a62e8019472de68768430\"\n    ],\n    \"cache\": \"0x\"\n  }\n}",
      "{\n  \"symbol\": \"yvCurve-UST\",\n  \"item\": \"0x1c6a9783f812b3af3abbf7de64c3cd7cc7d1af44\",\n  \"percentage\": 1000,\n  \"data\": {\n    \"adapters\": [\n      \"0x045857BDEAE7C1c7252d611eB24eB55564198b4C\",\n      \"0xeF31027350Be2c7439C1b0BE022d49421488b72C\",\n      \"0xd9140951d8aE6E5F625a02F5908535e16e3af964\"\n    ],\n    \"path\": [\n      \"0xa47c8bf37f92abed4a126bda807a7b7498661acd\",\n      \"0x94e131324b6054c0d789b190b2dac504e4361b53\"\n    ],\n    \"cache\": \"0x\"\n  }\n}",
      "{\n  \"symbol\": \"ankrCRV-gauge\",\n  \"item\": \"0x6d10ed2cf043e6fcf51a0e7b4c2af3fa06695707\",\n  \"percentage\": 1000,\n  \"data\": {\n    \"adapters\": [\n      \"0x045857BDEAE7C1c7252d611eB24eB55564198b4C\",\n      \"0xeF31027350Be2c7439C1b0BE022d49421488b72C\",\n      \"0xaC47e91215fb80462139756f43438402998E4A3a\"\n    ],\n    \"path\": [\n      \"0xe95a203b1a91a908f9b9ce46459d101078c2c3cb\",\n      \"0xaA17A236F2bAdc98DDc0Cf999AbB47D47Fc0A6Cf\"\n    ],\n    \"cache\": \"0x\"\n  }\n}",
      "{\n  \"symbol\": \"LUSD3CRV-f-gauge\",\n  \"item\": \"0x9b8519a9a00100720ccdc8a120fbed319ca47a14\",\n  \"percentage\": 1000,\n  \"data\": {\n    \"adapters\": [\n      \"0x045857BDEAE7C1c7252d611eB24eB55564198b4C\",\n      \"0xeF31027350Be2c7439C1b0BE022d49421488b72C\",\n      \"0xaC47e91215fb80462139756f43438402998E4A3a\"\n    ],\n    \"path\": [\n      \"0x5f98805A4E8be255a32880FDeC7F6728C6568bA0\",\n      \"0xEd279fDD11cA84bEef15AF5D39BB4d4bEE23F0cA\"\n    ],\n    \"cache\": \"0x\"\n  }\n}",
      "{\n  \"symbol\": \"BUSD3CRV-f-gauge\",\n  \"item\": \"0xd4b22fedca85e684919955061fdf353b9d38389b\",\n  \"percentage\": 1000,\n  \"data\": {\n    \"adapters\": [\n      \"0x045857BDEAE7C1c7252d611eB24eB55564198b4C\",\n      \"0xeF31027350Be2c7439C1b0BE022d49421488b72C\",\n      \"0xaC47e91215fb80462139756f43438402998E4A3a\"\n    ],\n    \"path\": [\n      \"0x4Fabb145d64652a948d72533023f6E7A623C7C53\",\n      \"0x4807862AA8b2bF68830e4C8dc86D0e9A998e085a\"\n    ],\n    \"cache\": \"0x\"\n  }\n}",
      "{\n  \"symbol\": \"yvCurve-alUSD\",\n  \"item\": \"0xa74d4b67b3368e83797a35382afb776baae4f5c8\",\n  \"percentage\": 1000,\n  \"data\": {\n    \"adapters\": [\n      \"0x045857BDEAE7C1c7252d611eB24eB55564198b4C\",\n      \"0xeF31027350Be2c7439C1b0BE022d49421488b72C\",\n      \"0xd9140951d8aE6E5F625a02F5908535e16e3af964\"\n    ],\n    \"path\": [\n      \"0xbc6da0fe9ad5f3b0d58160288917aa56653660e9\",\n      \"0x43b4fdfd4ff969587185cdb6f0bd875c5fc83f8c\"\n    ],\n    \"cache\": \"0x\"\n  }\n}",
      "{\n  \"symbol\": \"yvCurve-triCrypto\",\n  \"item\": \"0x3d980e50508cfd41a13837a60149927a11c03731\",\n  \"percentage\": 1000,\n  \"data\": {\n    \"adapters\": [\n      \"0x045857BDEAE7C1c7252d611eB24eB55564198b4C\",\n      \"0xeF31027350Be2c7439C1b0BE022d49421488b72C\",\n      \"0xd9140951d8aE6E5F625a02F5908535e16e3af964\"\n    ],\n    \"path\": [\n      \"0xdac17f958d2ee523a2206206994597c13d831ec7\",\n      \"0xca3d75ac011bf5ad07a98d02f18225f9bd9a6bdf\"\n    ],\n    \"cache\": \"0x\"\n  }\n}",
      "{\n  \"symbol\": \"3CrvCrypto2-gauge\",\n  \"item\": \"0xDeFd8FdD20e0f34115C7018CCfb655796F6B2168\",\n  \"percentage\": 1000,\n  \"data\": {\n    \"adapters\": [\n      \"0x045857BDEAE7C1c7252d611eB24eB55564198b4C\",\n      \"0xeF31027350Be2c7439C1b0BE022d49421488b72C\",\n      \"0xaC47e91215fb80462139756f43438402998E4A3a\"\n    ],\n    \"path\": [\n      \"0xdac17f958d2ee523a2206206994597c13d831ec7\",\n      \"0xc4AD29ba4B3c580e6D59105FFf484999997675Ff\"\n    ],\n    \"cache\": \"0x\"\n  }\n}",
      "{\n  \"symbol\": \"eurtCrv-gauge\",\n  \"item\": \"0xe8060Ad8971450E624d5289A10017dD30F5dA85F\",\n  \"percentage\": 1000,\n  \"data\": {\n    \"adapters\": [\n      \"0x045857BDEAE7C1c7252d611eB24eB55564198b4C\",\n      \"0xeF31027350Be2c7439C1b0BE022d49421488b72C\",\n      \"0xaC47e91215fb80462139756f43438402998E4A3a\"\n    ],\n    \"path\": [\n      \"0xC581b735A1688071A1746c968e0798D642EDE491\",\n      \"0xfd5db7463a3ab53fd211b4af195c5bccc1a03890\"\n    ],\n    \"cache\": \"0x\"\n  }\n}",
      "{\n  \"symbol\": \"yvCurve-EURT\",\n  \"item\": \"0x0d4ea8536f9a13e4fba16042a46c30f092b06aa5\",\n  \"percentage\": 1000,\n  \"data\": {\n    \"adapters\": [\n      \"0x045857BDEAE7C1c7252d611eB24eB55564198b4C\",\n      \"0xeF31027350Be2c7439C1b0BE022d49421488b72C\",\n      \"0xd9140951d8aE6E5F625a02F5908535e16e3af964\"\n    ],\n    \"path\": [\n      \"0xc581b735a1688071a1746c968e0798d642ede491\",\n      \"0xfd5db7463a3ab53fd211b4af195c5bccc1a03890\"\n    ],\n    \"cache\": \"0x\"\n  }\n}",
      "{\n  \"symbol\": \"eurUsdCrv-gauge\",\n  \"item\": \"0x4Fd86Ce7Ecea88F7E0aA78DC12625996Fb3a04bC\",\n  \"percentage\": 1000,\n  \"data\": {\n    \"adapters\": [\n      \"0x045857BDEAE7C1c7252d611eB24eB55564198b4C\",\n      \"0xeF31027350Be2c7439C1b0BE022d49421488b72C\",\n      \"0xaC47e91215fb80462139756f43438402998E4A3a\"\n    ],\n    \"path\": [\n      \"0xC581b735A1688071A1746c968e0798D642EDE491\",\n      \"0x3b6831c0077a1e44ED0a21841C3bC4dC11bCE833\"\n    ],\n    \"cache\": \"0x\"\n  }\n}",
      "{\n  \"symbol\": \"yvCurve-EURTUSD\",\n  \"item\": \"0xbcbb5b54fa51e7b7dc920340043b203447842a6b\",\n  \"percentage\": 1000,\n  \"data\": {\n    \"adapters\": [\n      \"0x045857BDEAE7C1c7252d611eB24eB55564198b4C\",\n      \"0xeF31027350Be2c7439C1b0BE022d49421488b72C\",\n      \"0xd9140951d8aE6E5F625a02F5908535e16e3af964\"\n    ],\n    \"path\": [\n      \"0xc581b735a1688071a1746c968e0798d642ede491\",\n      \"0x3b6831c0077a1e44ed0a21841c3bc4dc11bce833\"\n    ],\n    \"cache\": \"0x\"\n  }\n}",
      "{\n  \"symbol\": \"yvCurve-HUSD\",\n  \"item\": \"0x054af22e1519b020516d72d749221c24756385c9\",\n  \"percentage\": 1000,\n  \"data\": {\n    \"adapters\": [\n      \"0x045857BDEAE7C1c7252d611eB24eB55564198b4C\",\n      \"0xeF31027350Be2c7439C1b0BE022d49421488b72C\",\n      \"0xd9140951d8aE6E5F625a02F5908535e16e3af964\"\n    ],\n    \"path\": [\n      \"0xdf574c24545e5ffecb9a659c229253d4111d87e1\",\n      \"0x5b5cfe992adac0c9d48e05854b2d91c73a003858\"\n    ],\n    \"cache\": \"0x\"\n  }\n}",
      "{\n  \"symbol\": \"yvCurve-EURSUSDC\",\n  \"item\": \"0x801ab06154bf539dea4385a39f5fa8534fb53073\",\n  \"percentage\": 1000,\n  \"data\": {\n    \"adapters\": [\n      \"0x045857BDEAE7C1c7252d611eB24eB55564198b4C\",\n      \"0xeF31027350Be2c7439C1b0BE022d49421488b72C\",\n      \"0xd9140951d8aE6E5F625a02F5908535e16e3af964\"\n    ],\n    \"path\": [\n      \"0xa0b86991c6218b36c1d19d4a2e9eb0ce3606eb48\",\n      \"0x3d229e1b4faab62f621ef2f6a610961f7bd7b23b\"\n    ],\n    \"cache\": \"0x\"\n  }\n}",
      "{\n  \"symbol\": \"yvCurve-EURSUSDC\",\n  \"item\": \"0x801ab06154bf539dea4385a39f5fa8534fb53073\",\n  \"percentage\": 1000,\n  \"data\": {\n    \"adapters\": [\n      \"0x045857BDEAE7C1c7252d611eB24eB55564198b4C\",\n      \"0xeF31027350Be2c7439C1b0BE022d49421488b72C\",\n      \"0xd9140951d8aE6E5F625a02F5908535e16e3af964\"\n    ],\n    \"path\": [\n      \"0xdb25f211ab05b1c97d595516f45794528a807ad8\",\n      \"0x3d229e1b4faab62f621ef2f6a610961f7bd7b23b\"\n    ],\n    \"cache\": \"0x\"\n  }\n}"
    ],
    "occurrences": 28
  },
  "Error: VM Exception while processing transaction: reverted with reason string 'Token blocked'": {
    "args": [
      "{\n  \"symbol\": \"tricrypto\",\n  \"item\": \"0xcA3d75aC011BF5aD07a98d02f18225F9bD9A6BDF\",\n  \"percentage\": 1000,\n  \"data\": {\n    \"adapters\": [\n      \"0x045857BDEAE7C1c7252d611eB24eB55564198b4C\",\n      \"0xeF31027350Be2c7439C1b0BE022d49421488b72C\"\n    ],\n    \"path\": [\n      \"0x2260fac5e5542a773aa44fbcfedf7c193bc2c599\"\n    ],\n    \"cache\": \"0x\"\n  }\n}",
      "{\n  \"symbol\": \"tricrypto\",\n  \"item\": \"0xcA3d75aC011BF5aD07a98d02f18225F9bD9A6BDF\",\n  \"percentage\": 1000,\n  \"data\": {\n    \"adapters\": [\n      \"0x045857BDEAE7C1c7252d611eB24eB55564198b4C\",\n      \"0xeF31027350Be2c7439C1b0BE022d49421488b72C\"\n    ],\n    \"path\": [\n      \"0xdac17f958d2ee523a2206206994597c13d831ec7\"\n    ],\n    \"cache\": \"0x\"\n  }\n}",
      "{\n  \"symbol\": \"tricrypto\",\n  \"item\": \"0xcA3d75aC011BF5aD07a98d02f18225F9bD9A6BDF\",\n  \"percentage\": 1000,\n  \"data\": {\n    \"adapters\": [\n      \"0x045857BDEAE7C1c7252d611eB24eB55564198b4C\",\n      \"0xeF31027350Be2c7439C1b0BE022d49421488b72C\"\n    ],\n    \"path\": [\n      \"0xC02aaA39b223FE8D0A0e5C4F27eAD9083C756Cc2\"\n    ],\n    \"cache\": \"0x\"\n  }\n}"
    ],
    "occurrences": 3
  },
  "Error: VM Exception while processing transaction: reverted with reason string 'Token not found in pool'": {
    "args": [
      "{\n  \"symbol\": \"eurtusd\",\n  \"item\": \"0x3b6831c0077a1e44ED0a21841C3bC4dC11bCE833\",\n  \"percentage\": 1000,\n  \"data\": {\n    \"adapters\": [\n      \"0x045857BDEAE7C1c7252d611eB24eB55564198b4C\",\n      \"0xeF31027350Be2c7439C1b0BE022d49421488b72C\",\n      \"0xeF31027350Be2c7439C1b0BE022d49421488b72C\"\n    ],\n    \"path\": [\n      \"0x6b175474e89094c44da98b954eedeac495271d0f\",\n      \"0x6c3F90f043a72FA612cbac8115EE7e52BDe6E490\"\n    ],\n    \"cache\": \"0x\"\n  }\n}",
      "{\n  \"symbol\": \"xautusd\",\n  \"item\": \"0x8484673cA7BfF40F82B041916881aeA15ee84834\",\n  \"percentage\": 1000,\n  \"data\": {\n    \"adapters\": [\n      \"0x045857BDEAE7C1c7252d611eB24eB55564198b4C\",\n      \"0xeF31027350Be2c7439C1b0BE022d49421488b72C\",\n      \"0xeF31027350Be2c7439C1b0BE022d49421488b72C\"\n    ],\n    \"path\": [\n      \"0x6b175474e89094c44da98b954eedeac495271d0f\",\n      \"0x6c3F90f043a72FA612cbac8115EE7e52BDe6E490\"\n    ],\n    \"cache\": \"0x\"\n  }\n}"
    ],
    "occurrences": 2
  },
  "Error: VM Exception while processing transaction: reverted with reason string 'Tokens cannot match'": {
    "args": [
      "{\n  \"symbol\": \"crveth\",\n  \"item\": \"0xEd4064f376cB8d68F770FB1Ff088a3d0F3FF5c4d\",\n  \"percentage\": 1000,\n  \"data\": {\n    \"adapters\": [\n      \"0x045857BDEAE7C1c7252d611eB24eB55564198b4C\",\n      \"0xeF31027350Be2c7439C1b0BE022d49421488b72C\"\n    ],\n    \"path\": [\n      \"0xC02aaA39b223FE8D0A0e5C4F27eAD9083C756Cc2\"\n    ],\n    \"cache\": \"0x\"\n  }\n}",
      "{\n  \"symbol\": \"cvxeth\",\n  \"item\": \"0x3A283D9c08E8b55966afb64C515f5143cf907611\",\n  \"percentage\": 1000,\n  \"data\": {\n    \"adapters\": [\n      \"0x045857BDEAE7C1c7252d611eB24eB55564198b4C\",\n      \"0xeF31027350Be2c7439C1b0BE022d49421488b72C\"\n    ],\n    \"path\": [\n      \"0xC02aaA39b223FE8D0A0e5C4F27eAD9083C756Cc2\"\n    ],\n    \"cache\": \"0x\"\n  }\n}",
      "{\n  \"symbol\": \"spelleth\",\n  \"item\": \"0x8282BD15dcA2EA2bDf24163E8f2781B30C43A2ef\",\n  \"percentage\": 1000,\n  \"data\": {\n    \"adapters\": [\n      \"0x045857BDEAE7C1c7252d611eB24eB55564198b4C\",\n      \"0xeF31027350Be2c7439C1b0BE022d49421488b72C\"\n    ],\n    \"path\": [\n      \"0xC02aaA39b223FE8D0A0e5C4F27eAD9083C756Cc2\"\n    ],\n    \"cache\": \"0x\"\n  }\n}",
      "{\n  \"symbol\": \"teth\",\n  \"item\": \"0xCb08717451aaE9EF950a2524E33B6DCaBA60147B\",\n  \"percentage\": 1000,\n  \"data\": {\n    \"adapters\": [\n      \"0x045857BDEAE7C1c7252d611eB24eB55564198b4C\",\n      \"0xeF31027350Be2c7439C1b0BE022d49421488b72C\"\n    ],\n    \"path\": [\n      \"0xC02aaA39b223FE8D0A0e5C4F27eAD9083C756Cc2\"\n    ],\n    \"cache\": \"0x\"\n  }\n}"
    ],
    "occurrences": 4
  },
  "Error: VM Exception while processing transaction: reverted with reason string 'Lost value'": {
    "args": [
      "{\n  \"symbol\": \"yvCurve-MIM\",\n  \"item\": \"0x2dfb14e32e2f8156ec15a2c21c3a6c053af52be8\",\n  \"percentage\": 1000,\n  \"data\": {\n    \"adapters\": [\n      \"0x045857BDEAE7C1c7252d611eB24eB55564198b4C\",\n      \"0xeF31027350Be2c7439C1b0BE022d49421488b72C\",\n      \"0xd9140951d8aE6E5F625a02F5908535e16e3af964\"\n    ],\n    \"path\": [\n      \"0x99d8a9c45b2eca8864373a26d1459e3dff1e17f3\",\n      \"0x5a6a4d54456819380173272a5e8e9b9904bdf41b\"\n    ],\n    \"cache\": \"0x\"\n  }\n}",
      "{\n  \"symbol\": \"3CrvCrypto-gauge\",\n  \"item\": \"0x6955a55416a06839309018A8B0cB72c4DDC11f15\",\n  \"percentage\": 1000,\n  \"data\": {\n    \"adapters\": [\n      \"0x045857BDEAE7C1c7252d611eB24eB55564198b4C\",\n      \"0xeF31027350Be2c7439C1b0BE022d49421488b72C\",\n      \"0xaC47e91215fb80462139756f43438402998E4A3a\"\n    ],\n    \"path\": [\n      \"0xdac17f958d2ee523a2206206994597c13d831ec7\",\n      \"0xcA3d75aC011BF5aD07a98d02f18225F9bD9A6BDF\"\n    ],\n    \"cache\": \"0x\"\n  }\n}"
    ],
    "occurrences": 2
  }
}
